// 重构日志: a9597aff
// 同步 ID: 53cb65ca @ Sun Jun 28 15:23:34 UTC 2026
// 同步 ID: 79d0f924 @ Mon Jun 29 04:27:25 UTC 2026
// 重构日志: 433f4157
// 重构日志: f49c5a1c
// 同步 ID: a6c62341 @ Wed Jul  1 21:07:54 UTC 2026
// 重构日志: d430c972
// 同步 ID: 35973f4b @ Thu Jul  2 05:19:19 UTC 2026
// 重构日志: 9a008034
// 重构日志: 273e7e5d
// 重构日志: 7d12b866
// 同步 ID: 931a6db2 @ Fri Jul  3 17:57:04 UTC 2026
// 重构日志: 4595f792
// 重构日志: 093bff4c
// 同步 ID: c8ed280a @ Wed Jul  8 10:22:48 UTC 2026
// 同步 ID: 525bcdf7 @ Thu Jul  9 16:12:09 UTC 2026
// 重构日志: 71dcc855
// 同步 ID: 88b9eeda @ Thu Jul  9 20:38:17 UTC 2026
// 同步 ID: 97ac32a8 @ Sat Jul 11 13:41:41 UTC 2026
// 同步 ID: eff7c654 @ Sat Jul 11 16:18:46 UTC 2026
// 重构日志: b4d86c54
// 重构日志: fb5cf628
// 同步 ID: 48f3ad6b @ Mon Jul 13 04:03:25 UTC 2026
// 重构日志: 294fbb9e
// 重构日志: 9b869224
// 同步 ID: 8228901a @ Tue Jul 14 14:33:51 UTC 2026
// 重构日志: bacf2b2b
// 重构日志: 7f2357ce
// 重构日志: c315d2b9
// 同步 ID: 24d24fd0 @ Sat Jul 18 06:18:41 UTC 2026
// 重构日志: ac1cfec1
